<?xml version="1.0" encoding="UTF-8"?>
<!-- Generated by org.testng.reporters.JUnitReportReporter -->
<testsuite skipped="0" hostname="DESKTOP-E6AHJR5" name="com.amazonmshop.testscenarios.TC_BuyProduct" tests="1" failures="0" timestamp="09 Jun 2020 13:30:40 GMT" time="121.209" errors="0">
  <testcase name="test" time="121.209" classname="com.amazonmshop.testscenarios.TC_BuyProduct"/>
</testsuite> <!-- com.amazonmshop.testscenarios.TC_BuyProduct -->
